Unity Editor version:    2022.3.25f1 (530ae0ba3889)
Branch:                  2022.3/staging
Build type:              Release
Batch mode:              YES
System name:             Linux
Distro version:          #29~22.04.1-Ubuntu SMP PREEMPT_DYNAMIC Thu Apr  4 14:39:20 UTC 2
Kernel version:          6.5.0-28-generic
Architecture:            x86_64
Available memory:        31790 MB
Using pre-set license
Pro License: YES
Desktop is 1920 x 1200 @ 60 Hz
Initialize udev device monitor.

COMMAND LINE ARGUMENTS:
Unity
-adb2
-batchMode
-noUpm
-name
AssetImportWorker0
-projectPath
/home/dju/Unity/VeggieVenture
-logFile
Logs/AssetImportWorker0.log
-srvPort
34467
Successfully changed project path to: /home/dju/Unity/VeggieVenture
/home/dju/Unity/VeggieVenture
[UnityMemory] Configuration Parameters - Can be set up in boot.config
    "memorysetup-bucket-allocator-granularity=16"
    "memorysetup-bucket-allocator-bucket-count=8"
    "memorysetup-bucket-allocator-block-size=33554432"
    "memorysetup-bucket-allocator-block-count=8"
    "memorysetup-main-allocator-block-size=16777216"
    "memorysetup-thread-allocator-block-size=16777216"
    "memorysetup-gfx-main-allocator-block-size=16777216"
    "memorysetup-gfx-thread-allocator-block-size=16777216"
    "memorysetup-cache-allocator-block-size=4194304"
    "memorysetup-typetree-allocator-block-size=2097152"
    "memorysetup-profiler-bucket-allocator-granularity=16"
    "memorysetup-profiler-bucket-allocator-bucket-count=8"
    "memorysetup-profiler-bucket-allocator-block-size=33554432"
    "memorysetup-profiler-bucket-allocator-block-count=8"
    "memorysetup-profiler-allocator-block-size=16777216"
    "memorysetup-profiler-editor-allocator-block-size=1048576"
    "memorysetup-temp-allocator-size-main=16777216"
    "memorysetup-job-temp-allocator-block-size=2097152"
    "memorysetup-job-temp-allocator-block-size-background=1048576"
    "memorysetup-job-temp-allocator-reduction-small-platforms=262144"
    "memorysetup-allocator-temp-initial-block-size-main=262144"
    "memorysetup-allocator-temp-initial-block-size-worker=262144"
    "memorysetup-temp-allocator-size-background-worker=32768"
    "memorysetup-temp-allocator-size-job-worker=262144"
    "memorysetup-temp-allocator-size-preload-manager=33554432"
    "memorysetup-temp-allocator-size-nav-mesh-worker=65536"
    "memorysetup-temp-allocator-size-audio-worker=65536"
    "memorysetup-temp-allocator-size-cloud-worker=32768"
    "memorysetup-temp-allocator-size-gi-baking-worker=262144"
    "memorysetup-temp-allocator-size-gfx=262144"
Player connection [138921881314240] Host "[IP] 192.168.1.82 [Port] 0 [Flags] 2 [Guid] 3496795333 [EditorId] 3496795333 [Version] 1048832 [Id] LinuxEditor(16,192.168.1.82) [Debug] 1 [PackageName] LinuxEditor [ProjectName] Editor" joined multi-casting on [225.0.0.222:54997]...

Player connection [138921881314240] Host "[IP] 192.168.1.82 [Port] 0 [Flags] 2 [Guid] 3496795333 [EditorId] 3496795333 [Version] 1048832 [Id] LinuxEditor(16,192.168.1.82) [Debug] 1 [PackageName] LinuxEditor [ProjectName] Editor" joined alternative multi-casting on [225.0.0.222:34997]...

[Physics::Module] Initialized MultithreadedJobDispatcher with 7 workers.
Unable to load player prefs
Refreshing native plugins compatible for Editor in 1,72 ms, found 0 plugins.
Preloading 0 native plugins for Editor in 0,00 ms.
Initialize engine version: 2022.3.25f1 (530ae0ba3889)
[Subsystems] Discovering subsystems at path /home/dju/Unity/Hub/Editor/2022.3.25f1/Editor/Data/Resources/UnitySubsystems
[Subsystems] Discovering subsystems at path /home/dju/Unity/VeggieVenture/Assets
GLX Extensions: GLX_ARB_context_flush_control GLX_ARB_create_context GLX_ARB_create_context_no_error GLX_ARB_create_context_profile GLX_ARB_create_context_robustness GLX_ARB_fbconfig_float GLX_ARB_framebuffer_sRGB GLX_ARB_get_proc_address GLX_ARB_multisample GLX_EXT_buffer_age GLX_EXT_create_context_es2_profile GLX_EXT_create_context_es_profile GLX_EXT_fbconfig_packed_float GLX_EXT_framebuffer_sRGB GLX_EXT_no_config_context GLX_EXT_swap_control GLX_EXT_swap_control_tear GLX_EXT_texture_from_pixmap GLX_EXT_visual_info GLX_EXT_visual_rating GLX_MESA_copy_sub_buffer GLX_MESA_query_renderer GLX_MESA_swap_control GLX_OML_swap_method GLX_OML_sync_control GLX_SGIS_multisample GLX_SGIX_fbconfig GLX_SGIX_pbuffer GLX_SGIX_visual_select_group GLX_SGI_make_current_read GLX_SGI_video_sync 
Renderer: Mesa Intel(R) Xe Graphics (TGL GT2)
Vendor:   Intel
Version:  4.6 (Core Profile) Mesa 23.2.1-1ubuntu3.1~22.04.2
GLES:     0
 GL_3DFX_texture_compression_FXT1 GL_AMD_conservative_depth GL_AMD_depth_clamp_separate GL_AMD_draw_buffers_blend GL_AMD_gpu_shader_int64 GL_AMD_multi_draw_indirect GL_AMD_performance_monitor GL_AMD_pinned_memory GL_AMD_query_buffer_object GL_AMD_seamless_cubemap_per_texture GL_AMD_shader_stencil_export GL_AMD_shader_trinary_minmax GL_AMD_texture_texture4 GL_AMD_vertex_shader_layer GL_AMD_vertex_shader_viewport_index GL_ANGLE_texture_compression_dxt3 GL_ANGLE_texture_compression_dxt5 GL_ARB_ES2_compatibility GL_ARB_ES3_1_compatibility GL_ARB_ES3_2_compatibility GL_ARB_ES3_compatibility GL_ARB_arrays_of_arrays GL_ARB_base_instance GL_ARB_blend_func_extended GL_ARB_buffer_storage GL_ARB_clear_buffer_object GL_ARB_clear_texture GL_ARB_clip_control GL_ARB_compressed_texture_pixel_storage GL_ARB_compute_shader GL_ARB_compute_variable_group_size GL_ARB_conditional_render_inverted GL_ARB_conservative_depth GL_ARB_copy_buffer GL_ARB_copy_image GL_ARB_cull_distance GL_ARB_debug_output GL_ARB_depth_buffer_float GL_ARB
_depth_clamp GL_ARB_derivative_control GL_ARB_direct_state_access GL_ARB_draw_buffers GL_ARB_draw_buffers_blend GL_ARB_draw_elements_base_vertex GL_ARB_draw_indirect GL_ARB_draw_instanced GL_ARB_enhanced_layouts GL_ARB_explicit_attrib_location GL_ARB_explicit_uniform_location GL_ARB_fragment_coord_conventions GL_ARB_fragment_layer_viewport GL_ARB_fragment_shader GL_ARB_fragment_shader_interlock GL_ARB_framebuffer_no_attachments GL_ARB_framebuffer_object GL_ARB_framebuffer_sRGB GL_ARB_get_program_binary GL_ARB_get_texture_sub_image GL_ARB_gl_spirv GL_ARB_gpu_shader5 GL_ARB_gpu_shader_fp64 GL_ARB_gpu_shader_int64 GL_ARB_half_float_pixel GL_ARB_half_float_vertex GL_ARB_indirect_parameters GL_ARB_instanced_arrays GL_ARB_internalformat_query GL_ARB_internalformat_query2 GL_ARB_invalidate_subdata GL_ARB_map_buffer_alignment GL_ARB_map_buffer_range GL_ARB_multi_bind GL_ARB_multi_draw_indirect GL_ARB_occlusion_query2 GL_ARB_parallel_shader_compile GL_ARB_pipeline_statistics_query GL_ARB_pixel_buffer_object GL_ARB_po
int_sprite GL_ARB_polygon_offset_clamp GL_ARB_post_depth_coverage GL_ARB_program_interface_query GL_ARB_provoking_vertex GL_ARB_query_buffer_object GL_ARB_robust_buffer_access_behavior GL_ARB_robustness GL_ARB_sample_shading GL_ARB_sampler_objects GL_ARB_seamless_cube_map GL_ARB_seamless_cubemap_per_texture GL_ARB_separate_shader_objects GL_ARB_shader_atomic_counter_ops GL_ARB_shader_atomic_counters GL_ARB_shader_ballot GL_ARB_shader_bit_encoding GL_ARB_shader_clock GL_ARB_shader_draw_parameters GL_ARB_shader_group_vote GL_ARB_shader_image_load_store GL_ARB_shader_image_size GL_ARB_shader_objects GL_ARB_shader_precision GL_ARB_shader_stencil_export GL_ARB_shader_storage_buffer_object GL_ARB_shader_subroutine GL_ARB_shader_texture_image_samples GL_ARB_shader_texture_lod GL_ARB_shader_viewport_layer_array GL_ARB_shading_language_420pack GL_ARB_shading_language_include GL_ARB_shading_language_packing GL_ARB_spirv_extensions GL_ARB_stencil_texturing GL_ARB_sync GL_ARB_tessellation_shader GL_ARB_texture_barrier G
L_ARB_texture_buffer_object GL_ARB_texture_buffer_object_rgb32 GL_ARB_texture_buffer_range GL_ARB_texture_compression_bptc GL_ARB_texture_compression_rgtc GL_ARB_texture_cube_map_array GL_ARB_texture_filter_anisotropic GL_ARB_texture_float GL_ARB_texture_gather GL_ARB_texture_mirror_clamp_to_edge GL_ARB_texture_multisample GL_ARB_texture_non_power_of_two GL_ARB_texture_query_levels GL_ARB_texture_query_lod GL_ARB_texture_rectangle GL_ARB_texture_rg GL_ARB_texture_rgb10_a2ui GL_ARB_texture_stencil8 GL_ARB_texture_storage GL_ARB_texture_storage_multisample GL_ARB_texture_swizzle GL_ARB_texture_view GL_ARB_timer_query GL_ARB_transform_feedback2 GL_ARB_transform_feedback3 GL_ARB_transform_feedback_instanced GL_ARB_transform_feedback_overflow_query GL_ARB_uniform_buffer_object GL_ARB_vertex_array_bgra GL_ARB_vertex_array_object GL_ARB_vertex_attrib_64bit GL_ARB_vertex_attrib_binding GL_ARB_vertex_buffer_object GL_ARB_vertex_shader GL_ARB_vertex_type_10f_11f_11f_rev GL_ARB_vertex_type_2_10_10_10_rev GL_ARB_viewpor
t_array GL_ATI_blend_equation_separate GL_ATI_texture_float GL_EXT_EGL_image_storage GL_EXT_EGL_sync GL_EXT_abgr GL_EXT_blend_equation_separate GL_EXT_debug_label GL_EXT_demote_to_helper_invocation GL_EXT_depth_bounds_test GL_EXT_draw_buffers2 GL_EXT_draw_instanced GL_EXT_framebuffer_blit GL_EXT_framebuffer_multisample GL_EXT_framebuffer_multisample_blit_scaled GL_EXT_framebuffer_object GL_EXT_framebuffer_sRGB GL_EXT_memory_object GL_EXT_memory_object_fd GL_EXT_packed_depth_stencil GL_EXT_packed_float GL_EXT_pixel_buffer_object GL_EXT_polygon_offset_clamp GL_EXT_provoking_vertex GL_EXT_semaphore GL_EXT_semaphore_fd GL_EXT_shader_framebuffer_fetch GL_EXT_shader_framebuffer_fetch_non_coherent GL_EXT_shader_integer_mix GL_EXT_shader_samples_identical GL_EXT_texture_array GL_EXT_texture_compression_dxt1 GL_EXT_texture_compression_rgtc GL_EXT_texture_compression_s3tc GL_EXT_texture_filter_anisotropic GL_EXT_texture_integer GL_EXT_texture_sRGB GL_EXT_texture_sRGB_R8 GL_EXT_texture_sRGB_decode GL_EXT_texture_shadow
_lod GL_EXT_texture_shared_exponent GL_EXT_texture_snorm GL_EXT_texture_swizzle GL_EXT_timer_query GL_EXT_transform_feedback GL_EXT_vertex_array_bgra GL_EXT_vertex_attrib_64bit GL_IBM_multimode_draw_arrays GL_INTEL_blackhole_render GL_INTEL_conservative_rasterization GL_INTEL_performance_query GL_INTEL_shader_atomic_float_minmax GL_INTEL_shader_integer_functions2 GL_KHR_blend_equation_advanced GL_KHR_blend_equation_advanced_coherent GL_KHR_context_flush_control GL_KHR_debug GL_KHR_no_error GL_KHR_parallel_shader_compile GL_KHR_robust_buffer_access_behavior GL_KHR_robustness GL_KHR_texture_compression_astc_ldr GL_KHR_texture_compression_astc_sliced_3d GL_MESA_framebuffer_flip_y GL_MESA_pack_invert GL_MESA_shader_integer_functions GL_MESA_texture_signed_rgba GL_NV_alpha_to_coverage_dither_control GL_NV_compute_shader_derivatives GL_NV_conditional_render GL_NV_copy_image GL_NV_depth_clamp GL_NV_fragment_shader_interlock GL_NV_packed_depth_stencil GL_NV_texture_barrier GL_OES_EGL_image GL_S3_s3tc
OPENGL LOG: Creating OpenGL 4.6 graphics device ; Context level  <OpenGL 4.5> ; Context handle -81989200
Initialize mono
Mono path[0] = '/home/dju/Unity/Hub/Editor/2022.3.25f1/Editor/Data/Managed'
Mono path[1] = '/home/dju/Unity/Hub/Editor/2022.3.25f1/Editor/Data/MonoBleedingEdge/lib/mono/unityjit-linux'
Mono config path = '/home/dju/Unity/Hub/Editor/2022.3.25f1/Editor/Data/MonoBleedingEdge/etc'
Using monoOptions --debugger-agent=transport=dt_socket,embedding=1,server=y,suspend=n,address=127.0.0.1:56014
Begin MonoManager ReloadAssembly
Registering precompiled unity dll's ...
Register platform support module: /home/dju/Unity/Hub/Editor/2022.3.25f1/Editor/Data/PlaybackEngines/WebGLSupport/UnityEditor.WebGL.Extensions.dll
Register platform support module: /home/dju/Unity/Hub/Editor/2022.3.25f1/Editor/Data/PlaybackEngines/LinuxStandaloneSupport/UnityEditor.LinuxStandalone.Extensions.dll
Registered in 0,004865 seconds.
- Loaded All Assemblies, in  0,281 seconds
Native extension for LinuxStandalone target not found
Native extension for WebGL target not found
Mono: successfully reloaded assembly
- Finished resetting the current domain, in  0,268 seconds
Domain Reload Profiling: 550ms
	BeginReloadAssembly (61ms)
		ExecutionOrderSort (0ms)
		DisableScriptedObjects (0ms)
		BackupInstance (0ms)
		ReleaseScriptingObjects (0ms)
		CreateAndSetChildDomain (1ms)
	RebuildCommonClasses (33ms)
	RebuildNativeTypeToScriptingClass (7ms)
	initialDomainReloadingComplete (52ms)
	LoadAllAssembliesAndSetupDomain (129ms)
		LoadAssemblies (60ms)
		RebuildTransferFunctionScriptingTraits (0ms)
		AnalyzeDomain (127ms)
			TypeCache.Refresh (126ms)
				TypeCache.ScanAssembly (114ms)
			ScanForSourceGeneratedMonoScriptInfo (0ms)
			ResolveRequiredComponents (0ms)
	FinalizeReload (269ms)
		ReleaseScriptCaches (0ms)
		RebuildScriptCaches (0ms)
		SetupLoadedEditorAssemblies (207ms)
			LogAssemblyErrors (0ms)
			InitializePlatformSupportModulesInManaged (10ms)
			SetLoadedEditorAssemblies (6ms)
			RefreshPlugins (0ms)
			BeforeProcessingInitializeOnLoad (2ms)
			ProcessInitializeOnLoadAttributes (140ms)
			ProcessInitializeOnLoadMethodAttributes (49ms)
			AfterProcessingInitializeOnLoad (0ms)
			EditorAssembliesLoaded (0ms)
		ExecutionOrderSort2 (0ms)
		AwakeInstancesAfterBackupRestoration (0ms)
========================================================================
Worker process is ready to serve import requests
Begin MonoManager ReloadAssembly
- Loaded All Assemblies, in  0,465 seconds
Refreshing native plugins compatible for Editor in 0,89 ms, found 0 plugins.
Native extension for LinuxStandalone target not found
Native extension for WebGL target not found
Package Manager log level set to [2]
[Package Manager] Server::EnsureServerProcessIsRunning -- launch failed, reason: Unity was launched with the -noUpm command-line argument
[Package Manager] UpmClient::Send -- Unable to send message (not connected to UPM process).
[Package Manager] Cannot connect to Unity Package Manager local server
Mono: successfully reloaded assembly
- Finished resetting the current domain, in  0,542 seconds
Domain Reload Profiling: 1008ms
	BeginReloadAssembly (106ms)
		ExecutionOrderSort (0ms)
		DisableScriptedObjects (4ms)
		BackupInstance (0ms)
		ReleaseScriptingObjects (0ms)
		CreateAndSetChildDomain (25ms)
	RebuildCommonClasses (30ms)
	RebuildNativeTypeToScriptingClass (6ms)
	initialDomainReloadingComplete (36ms)
	LoadAllAssembliesAndSetupDomain (288ms)
		LoadAssemblies (179ms)
		RebuildTransferFunctionScriptingTraits (0ms)
		AnalyzeDomain (158ms)
			TypeCache.Refresh (142ms)
				TypeCache.ScanAssembly (128ms)
			ScanForSourceGeneratedMonoScriptInfo (12ms)
			ResolveRequiredComponents (4ms)
	FinalizeReload (543ms)
		ReleaseScriptCaches (0ms)
		RebuildScriptCaches (0ms)
		SetupLoadedEditorAssemblies (375ms)
			LogAssemblyErrors (0ms)
			InitializePlatformSupportModulesInManaged (8ms)
			SetLoadedEditorAssemblies (5ms)
			RefreshPlugins (0ms)
			BeforeProcessingInitializeOnLoad (49ms)
			ProcessInitializeOnLoadAttributes (286ms)
			ProcessInitializeOnLoadMethodAttributes (24ms)
			AfterProcessingInitializeOnLoad (3ms)
			EditorAssembliesLoaded (0ms)
		ExecutionOrderSort2 (0ms)
		AwakeInstancesAfterBackupRestoration (4ms)
Launched and connected shader compiler UnityShaderCompiler after 0.01 seconds
Refreshing native plugins compatible for Editor in 1,07 ms, found 0 plugins.
Preloading 0 native plugins for Editor in 0,00 ms.
Unloading 3093 Unused Serialized files (Serialized files now loaded: 0)
Unloading 32 unused Assets / (47,8 KB). Loaded Objects now: 3554.
Memory consumption went from 116,5 MB to 116,5 MB.
Total: 3,290873 ms (FindLiveObjects: 0,235759 ms CreateObjectMapping: 0,101542 ms MarkObjects: 2,732158 ms  DeleteObjects: 0,220202 ms)

AssetImportParameters requested are different than current active one (requested -> active):
  custom:container-demuxer-ogg: 62fdf1f143b41e24485cea50d1cbac27 -> 
  custom:video-decoder-ogg-theora: a1e56fd34408186e4bbccfd4996cb3dc -> 
  custom:CustomObjectIndexerAttribute: 232f87dd983dbecb2a4e21e08eb2cef8 -> 
  custom:container-demuxer-webm: 4f35f7cbe854078d1ac9338744f61a02 -> 
  custom:container-muxer-webm: aa71ff27fc2769a1b78a27578f13a17b -> 
  custom:video-decoder-webm-vp8: 9c59270c3fd7afecdb556c50c9e8de78 -> 
  custom:SearchIndexIgnoredProperties: e643bd26f0fe6173181afceb89e7c659 -> 
  custom:AudioImporter_EditorPlatform: 2f0ff77a95e0ac474e3e8eeba4e2f7cb -> 
  custom:video-encoder-webm-vp8: eb34c28f22e8b96e1ab97ce403110664 -> 
  custom:audio-decoder-ogg-vorbis: bf7c407c2cedff20999df2af8eb42d56 -> 
  custom:audio-encoder-webm-vorbis: bf7c407c2cedff20999df2af8eb42d56 -> 
========================================================================
Received Import Request.
  Time since last request: 12098,895369 seconds.
  path: Assets/Icons/Materials/watermelon.mat
  artifactKey: Guid(6bd2b58dc076c4d47a02dcdf73ab92fe) Importer(815301076,1909f56bfc062723c751e8b465ee728b)
Start importing Assets/Icons/Materials/watermelon.mat using Guid(6bd2b58dc076c4d47a02dcdf73ab92fe) Importer(815301076,1909f56bfc062723c751e8b465ee728b)  -> (artifact id: 'b0043f25331a39d3b66d8ffba67b8e3d') in 0,190078 seconds
Number of updated asset objects reloaded before import = 0
Number of asset objects unloaded after import = 2
========================================================================
Received Import Request.
  Time since last request: 0,000042 seconds.
  path: Assets/Icons/Materials/pea.mat
  artifactKey: Guid(5d57b8eb1c97bc344a0d291584f3a676) Importer(815301076,1909f56bfc062723c751e8b465ee728b)
Start importing Assets/Icons/Materials/pea.mat using Guid(5d57b8eb1c97bc344a0d291584f3a676) Importer(815301076,1909f56bfc062723c751e8b465ee728b)  -> (artifact id: 'c618c47100b507839ca7c32aee89805a') in 0,014963 seconds
Number of updated asset objects reloaded before import = 0
Number of asset objects unloaded after import = 2
========================================================================
Received Import Request.
  Time since last request: 0,000013 seconds.
  path: Assets/Icons/Materials/tomato.mat
  artifactKey: Guid(44b4ed17b2e41b24ca1348ab2a5bded9) Importer(815301076,1909f56bfc062723c751e8b465ee728b)
Start importing Assets/Icons/Materials/tomato.mat using Guid(44b4ed17b2e41b24ca1348ab2a5bded9) Importer(815301076,1909f56bfc062723c751e8b465ee728b)  -> (artifact id: 'e4c7a08ddd5b70f92448484446631901') in 0,006183 seconds
Number of updated asset objects reloaded before import = 0
Number of asset objects unloaded after import = 2
========================================================================
Received Import Request.
  Time since last request: 0,000016 seconds.
  path: Assets/Icons/Materials/candy.mat
  artifactKey: Guid(af2cdb5d9026f3a4db2cac8425ae81a7) Importer(815301076,1909f56bfc062723c751e8b465ee728b)
Start importing Assets/Icons/Materials/candy.mat using Guid(af2cdb5d9026f3a4db2cac8425ae81a7) Importer(815301076,1909f56bfc062723c751e8b465ee728b)  -> (artifact id: '5fb3ae24707c2e3d27752e9c068ddafc') in 0,007784 seconds
Number of updated asset objects reloaded before import = 0
Number of asset objects unloaded after import = 2
========================================================================
Received Import Request.
  Time since last request: 0,000014 seconds.
  path: Assets/Icons/Materials/ham.mat
  artifactKey: Guid(cbaf29cd220a6ac4b8541cffd4bce6c3) Importer(815301076,1909f56bfc062723c751e8b465ee728b)
Start importing Assets/Icons/Materials/ham.mat using Guid(cbaf29cd220a6ac4b8541cffd4bce6c3) Importer(815301076,1909f56bfc062723c751e8b465ee728b)  -> (artifact id: 'c5b9a770bbf61ac29a898c33a2249451') in 0,007492 seconds
Number of updated asset objects reloaded before import = 0
Number of asset objects unloaded after import = 2
========================================================================
Received Import Request.
  Time since last request: 0,000015 seconds.
  path: Assets/Icons/Materials/kiwi.mat
  artifactKey: Guid(35df70c96cd7d1c47bf0e45ce6b6eb29) Importer(815301076,1909f56bfc062723c751e8b465ee728b)
Start importing Assets/Icons/Materials/kiwi.mat using Guid(35df70c96cd7d1c47bf0e45ce6b6eb29) Importer(815301076,1909f56bfc062723c751e8b465ee728b)  -> (artifact id: '9c7b9f0a40777b6014e5ba0d4935b10a') in 0,006135 seconds
Number of updated asset objects reloaded before import = 0
Number of asset objects unloaded after import = 2
========================================================================
Received Import Request.
  Time since last request: 0,000020 seconds.
  path: Assets/Icons/Materials/yogurt.mat
  artifactKey: Guid(d097815037ccdfb4d8b8cf147b30c4c9) Importer(815301076,1909f56bfc062723c751e8b465ee728b)
Start importing Assets/Icons/Materials/yogurt.mat using Guid(d097815037ccdfb4d8b8cf147b30c4c9) Importer(815301076,1909f56bfc062723c751e8b465ee728b)  -> (artifact id: '9f44160a7e38f438da64852e0eba0617') in 0,006820 seconds
Number of updated asset objects reloaded before import = 0
Number of asset objects unloaded after import = 2
========================================================================
Received Import Request.
  Time since last request: 0,000015 seconds.
  path: Assets/Icons/Materials/garlic.mat
  artifactKey: Guid(6c6ec8c14d36c5e4aac62b93944256a9) Importer(815301076,1909f56bfc062723c751e8b465ee728b)
Start importing Assets/Icons/Materials/garlic.mat using Guid(6c6ec8c14d36c5e4aac62b93944256a9) Importer(815301076,1909f56bfc062723c751e8b465ee728b)  -> (artifact id: 'e3083f132130ad84a5540773562ff04a') in 0,007513 seconds
Number of updated asset objects reloaded before import = 0
Number of asset objects unloaded after import = 2
========================================================================
Received Import Request.
  Time since last request: 0,000020 seconds.
  path: Assets/Icons/Materials/apple.mat
  artifactKey: Guid(3991cc4f6da65944bbf74decaf5aa4ee) Importer(815301076,1909f56bfc062723c751e8b465ee728b)
Start importing Assets/Icons/Materials/apple.mat using Guid(3991cc4f6da65944bbf74decaf5aa4ee) Importer(815301076,1909f56bfc062723c751e8b465ee728b)  -> (artifact id: '6be8eb3ce1b832220cce06d70b8e8d84') in 0,005421 seconds
Number of updated asset objects reloaded before import = 0
Number of asset objects unloaded after import = 2
========================================================================
Received Import Request.
  Time since last request: 0,000015 seconds.
  path: Assets/Icons/Materials/grape.mat
  artifactKey: Guid(9bdfeddce03b7034ea8e7a08037c9c53) Importer(815301076,1909f56bfc062723c751e8b465ee728b)
Start importing Assets/Icons/Materials/grape.mat using Guid(9bdfeddce03b7034ea8e7a08037c9c53) Importer(815301076,1909f56bfc062723c751e8b465ee728b)  -> (artifact id: 'd4ffecef12c1ec1fa095320afb15dd68') in 0,005458 seconds
Number of updated asset objects reloaded before import = 0
Number of asset objects unloaded after import = 2
========================================================================
Received Import Request.
  Time since last request: 0,000015 seconds.
  path: Assets/Icons/Materials/acorn.mat
  artifactKey: Guid(64ff37d311a4a1943965f5aee70acc7b) Importer(815301076,1909f56bfc062723c751e8b465ee728b)
Start importing Assets/Icons/Materials/acorn.mat using Guid(64ff37d311a4a1943965f5aee70acc7b) Importer(815301076,1909f56bfc062723c751e8b465ee728b)  -> (artifact id: '208a37340663621c41c138f40769a4ea') in 0,005870 seconds
Number of updated asset objects reloaded before import = 0
Number of asset objects unloaded after import = 2
========================================================================
Received Import Request.
  Time since last request: 0,000021 seconds.
  path: Assets/Icons/Materials/pizza.mat
  artifactKey: Guid(404a8923f5ace844789db66718db211f) Importer(815301076,1909f56bfc062723c751e8b465ee728b)
Start importing Assets/Icons/Materials/pizza.mat using Guid(404a8923f5ace844789db66718db211f) Importer(815301076,1909f56bfc062723c751e8b465ee728b)  -> (artifact id: 'da6d8f0c5b85776e75e798568503ded7') in 0,005598 seconds
Number of updated asset objects reloaded before import = 0
Number of asset objects unloaded after import = 2
========================================================================
Received Import Request.
  Time since last request: 0,000015 seconds.
  path: Assets/Icons/Materials/pumpkin.mat
  artifactKey: Guid(638042ec668ac9f49b4925cfb415cf4b) Importer(815301076,1909f56bfc062723c751e8b465ee728b)
Start importing Assets/Icons/Materials/pumpkin.mat using Guid(638042ec668ac9f49b4925cfb415cf4b) Importer(815301076,1909f56bfc062723c751e8b465ee728b)  -> (artifact id: '73376d7bcd666b09baad22123ff28fca') in 0,007826 seconds
Number of updated asset objects reloaded before import = 0
Number of asset objects unloaded after import = 2
========================================================================
Received Import Request.
  Time since last request: 4,029601 seconds.
  path: Assets/Icons/Texture/acorn.png
  artifactKey: Guid(ca4d240be5ea0a54184c37cd9a452481) Importer(815301076,1909f56bfc062723c751e8b465ee728b)
Start importing Assets/Icons/Texture/acorn.png using Guid(ca4d240be5ea0a54184c37cd9a452481) Importer(815301076,1909f56bfc062723c751e8b465ee728b)  -> (artifact id: 'ad4c7af81a209ac98d03d28191d8c6a4') in 0,026057 seconds
Number of updated asset objects reloaded before import = 0
Number of asset objects unloaded after import = 2
========================================================================
Received Import Request.
  Time since last request: 0,000022 seconds.
  path: Assets/Icons/Texture/pizza.png
  artifactKey: Guid(5e95340c18f863141920dc1fe70c48db) Importer(815301076,1909f56bfc062723c751e8b465ee728b)
Start importing Assets/Icons/Texture/pizza.png using Guid(5e95340c18f863141920dc1fe70c48db) Importer(815301076,1909f56bfc062723c751e8b465ee728b)  -> (artifact id: 'cf9b0296c002ef4076edafeddc0a727f') in 0,009828 seconds
Number of updated asset objects reloaded before import = 0
Number of asset objects unloaded after import = 2
========================================================================
Received Import Request.
  Time since last request: 0,000016 seconds.
  path: Assets/Icons/Texture/pumpkin.png
  artifactKey: Guid(536dfbe081f039f459a45846fb0e1334) Importer(815301076,1909f56bfc062723c751e8b465ee728b)
Start importing Assets/Icons/Texture/pumpkin.png using Guid(536dfbe081f039f459a45846fb0e1334) Importer(815301076,1909f56bfc062723c751e8b465ee728b)  -> (artifact id: 'c0d9fee91134c3cbe5664763340c6967') in 0,012805 seconds
Number of updated asset objects reloaded before import = 0
Number of asset objects unloaded after import = 2
========================================================================
Received Import Request.
  Time since last request: 0,000015 seconds.
  path: Assets/Icons/Texture/grape.png
  artifactKey: Guid(e4ed34692dc8ea64caf4e4bda82232a1) Importer(815301076,1909f56bfc062723c751e8b465ee728b)
Start importing Assets/Icons/Texture/grape.png using Guid(e4ed34692dc8ea64caf4e4bda82232a1) Importer(815301076,1909f56bfc062723c751e8b465ee728b)  -> (artifact id: '3d69d3dc9e496abe9e0700569bdf4460') in 0,021171 seconds
Number of updated asset objects reloaded before import = 0
Number of asset objects unloaded after import = 2
========================================================================
Received Import Request.
  Time since last request: 0,000016 seconds.
  path: Assets/Icons/Texture/cake.png
  artifactKey: Guid(e3c0e4740ac92bb4bac50770ae742365) Importer(815301076,1909f56bfc062723c751e8b465ee728b)
Start importing Assets/Icons/Texture/cake.png using Guid(e3c0e4740ac92bb4bac50770ae742365) Importer(815301076,1909f56bfc062723c751e8b465ee728b)  -> (artifact id: 'fecb8125b1d421a835349c6ca4fc3b70') in 0,012406 seconds
Number of updated asset objects reloaded before import = 0
Number of asset objects unloaded after import = 2
========================================================================
Received Import Request.
  Time since last request: 0,000033 seconds.
  path: Assets/Icons/Texture/banana.png
  artifactKey: Guid(2627668ad878466459156aef8b2b18b8) Importer(815301076,1909f56bfc062723c751e8b465ee728b)
Start importing Assets/Icons/Texture/banana.png using Guid(2627668ad878466459156aef8b2b18b8) Importer(815301076,1909f56bfc062723c751e8b465ee728b)  -> (artifact id: '1a34a4ddd120e05b62f75eaaddd8dd7e') in 0,008501 seconds
Number of updated asset objects reloaded before import = 0
Number of asset objects unloaded after import = 2
========================================================================
Received Import Request.
  Time since last request: 0,000031 seconds.
  path: Assets/Icons/Texture/carrot.png
  artifactKey: Guid(f3601bb367713b444aa76f828b2e57bb) Importer(815301076,1909f56bfc062723c751e8b465ee728b)
Start importing Assets/Icons/Texture/carrot.png using Guid(f3601bb367713b444aa76f828b2e57bb) Importer(815301076,1909f56bfc062723c751e8b465ee728b)  -> (artifact id: 'afd4d5457b20a96cd14d64eab07c350b') in 0,009390 seconds
Number of updated asset objects reloaded before import = 0
Number of asset objects unloaded after import = 2
========================================================================
Received Import Request.
  Time since last request: 0,000015 seconds.
  path: Assets/Icons/Texture/garlic.png
  artifactKey: Guid(fca99a70d2ecbbb4fb134fef97a94525) Importer(815301076,1909f56bfc062723c751e8b465ee728b)
Start importing Assets/Icons/Texture/garlic.png using Guid(fca99a70d2ecbbb4fb134fef97a94525) Importer(815301076,1909f56bfc062723c751e8b465ee728b)  -> (artifact id: '381db16a9eebf0e4dd4f33ad97b5c282') in 0,008608 seconds
Number of updated asset objects reloaded before import = 0
Number of asset objects unloaded after import = 2
========================================================================
Received Import Request.
  Time since last request: 0,000021 seconds.
  path: Assets/Icons/Texture/yogurt.png
  artifactKey: Guid(9ad781d072ea69647ba0a56d9b89e2e6) Importer(815301076,1909f56bfc062723c751e8b465ee728b)
Start importing Assets/Icons/Texture/yogurt.png using Guid(9ad781d072ea69647ba0a56d9b89e2e6) Importer(815301076,1909f56bfc062723c751e8b465ee728b)  -> (artifact id: 'c015cee93a4a2255730c436cf0280d2f') in 0,009201 seconds
Number of updated asset objects reloaded before import = 0
Number of asset objects unloaded after import = 2
========================================================================
Received Import Request.
  Time since last request: 0,000100 seconds.
  path: Assets/Icons/Texture/tomato.png
  artifactKey: Guid(a77e329d9a3afd244ac507a7d3ed38fd) Importer(815301076,1909f56bfc062723c751e8b465ee728b)
Start importing Assets/Icons/Texture/tomato.png using Guid(a77e329d9a3afd244ac507a7d3ed38fd) Importer(815301076,1909f56bfc062723c751e8b465ee728b)  -> (artifact id: 'c1a39a046ef20edfd8d13f3bee6242df') in 0,010858 seconds
Number of updated asset objects reloaded before import = 0
Number of asset objects unloaded after import = 2
========================================================================
Received Import Request.
  Time since last request: 0,000018 seconds.
  path: Assets/Icons/Texture/lemon.png
  artifactKey: Guid(8c3142dee385236408c7a741081c1c12) Importer(815301076,1909f56bfc062723c751e8b465ee728b)
Start importing Assets/Icons/Texture/lemon.png using Guid(8c3142dee385236408c7a741081c1c12) Importer(815301076,1909f56bfc062723c751e8b465ee728b)  -> (artifact id: '1774d36d9e5b63469e78c502ef4309e8') in 0,008726 seconds
Number of updated asset objects reloaded before import = 0
Number of asset objects unloaded after import = 2
========================================================================
Received Import Request.
  Time since last request: 0,000029 seconds.
  path: Assets/Icons/Texture/watermelon.png
  artifactKey: Guid(4686f17080e462248b5128ca69da6052) Importer(815301076,1909f56bfc062723c751e8b465ee728b)
Start importing Assets/Icons/Texture/watermelon.png using Guid(4686f17080e462248b5128ca69da6052) Importer(815301076,1909f56bfc062723c751e8b465ee728b)  -> (artifact id: 'ccac8f0e11d1c0b5293e5ae4029b1c54') in 0,010573 seconds
Number of updated asset objects reloaded before import = 0
Number of asset objects unloaded after import = 2
========================================================================
Received Import Request.
  Time since last request: 0,000020 seconds.
  path: Assets/Icons/Texture/orange.png
  artifactKey: Guid(7bda1af6a801c4b4c8b1f3c91347f3b7) Importer(815301076,1909f56bfc062723c751e8b465ee728b)
Start importing Assets/Icons/Texture/orange.png using Guid(7bda1af6a801c4b4c8b1f3c91347f3b7) Importer(815301076,1909f56bfc062723c751e8b465ee728b)  -> (artifact id: '17ef1e2138cb99a2e1703f7828979242') in 0,016136 seconds
Number of updated asset objects reloaded before import = 0
Number of asset objects unloaded after import = 2
========================================================================
Received Import Request.
  Time since last request: 12,629894 seconds.
  path: Assets/Icons/acorn.FBX
  artifactKey: Guid(54c6faa2dba6665438008d4e7c8ea7e5) Importer(815301076,1909f56bfc062723c751e8b465ee728b)
Start importing Assets/Icons/acorn.FBX using Guid(54c6faa2dba6665438008d4e7c8ea7e5) Importer(815301076,1909f56bfc062723c751e8b465ee728b)  -> (artifact id: 'f455adafb1113e36e5e601203fd40bef') in 0,217133 seconds
Number of updated asset objects reloaded before import = 0
Number of asset objects unloaded after import = 9
========================================================================
Received Import Request.
  Time since last request: 0,000020 seconds.
  path: Assets/Icons/banana.FBX
  artifactKey: Guid(3a9857ff38f5efa41ae3ff3ff643f2bd) Importer(815301076,1909f56bfc062723c751e8b465ee728b)
Start importing Assets/Icons/banana.FBX using Guid(3a9857ff38f5efa41ae3ff3ff643f2bd) Importer(815301076,1909f56bfc062723c751e8b465ee728b)  -> (artifact id: '53c9bfe2b8f40b5d4cc85c09755e79a6') in 0,024474 seconds
Number of updated asset objects reloaded before import = 0
Number of asset objects unloaded after import = 9
========================================================================
Received Import Request.
  Time since last request: 0,000034 seconds.
  path: Assets/Icons/mushroom.FBX
  artifactKey: Guid(b53fab1a8a71cf745ad1af6d16214489) Importer(815301076,1909f56bfc062723c751e8b465ee728b)
Start importing Assets/Icons/mushroom.FBX using Guid(b53fab1a8a71cf745ad1af6d16214489) Importer(815301076,1909f56bfc062723c751e8b465ee728b)  -> (artifact id: 'a7464d0089c49de98cd755c0e001f933') in 0,013040 seconds
Number of updated asset objects reloaded before import = 0
Number of asset objects unloaded after import = 9
========================================================================
Received Import Request.
  Time since last request: 0,000026 seconds.
  path: Assets/Icons/yogurt.FBX
  artifactKey: Guid(1afd1833d5edaf6419570fb98bed2533) Importer(815301076,1909f56bfc062723c751e8b465ee728b)
Start importing Assets/Icons/yogurt.FBX using Guid(1afd1833d5edaf6419570fb98bed2533) Importer(815301076,1909f56bfc062723c751e8b465ee728b)  -> (artifact id: '569c52bbabeda7135a69fb35f92784b6') in 0,011210 seconds
Number of updated asset objects reloaded before import = 0
Number of asset objects unloaded after import = 9
========================================================================
Received Import Request.
  Time since last request: 0,000015 seconds.
  path: Assets/Icons/grape.FBX
  artifactKey: Guid(7b5ec5c57af98c349b22ae545a4a9fcd) Importer(815301076,1909f56bfc062723c751e8b465ee728b)
Start importing Assets/Icons/grape.FBX using Guid(7b5ec5c57af98c349b22ae545a4a9fcd) Importer(815301076,1909f56bfc062723c751e8b465ee728b)  -> (artifact id: '32de888519a0e9ed595befc0a6dcb97f') in 0,008535 seconds
Number of updated asset objects reloaded before import = 0
Number of asset objects unloaded after import = 9
========================================================================
Received Import Request.
  Time since last request: 0,000012 seconds.
  path: Assets/Icons/ham.FBX
  artifactKey: Guid(612f08e447938e2458702979247cb8cc) Importer(815301076,1909f56bfc062723c751e8b465ee728b)
Start importing Assets/Icons/ham.FBX using Guid(612f08e447938e2458702979247cb8cc) Importer(815301076,1909f56bfc062723c751e8b465ee728b)  -> (artifact id: 'd349acf447f076b1dfeee3137f4fe5a2') in 0,009463 seconds
Number of updated asset objects reloaded before import = 0
Number of asset objects unloaded after import = 9
========================================================================
Received Import Request.
  Time since last request: 0,000016 seconds.
  path: Assets/Icons/cake.FBX
  artifactKey: Guid(7bbb3a38742169a4abd045d20e527d9d) Importer(815301076,1909f56bfc062723c751e8b465ee728b)
Start importing Assets/Icons/cake.FBX using Guid(7bbb3a38742169a4abd045d20e527d9d) Importer(815301076,1909f56bfc062723c751e8b465ee728b)  -> (artifact id: '509ddbe21f22ef6ee0665be638eb156c') in 0,008436 seconds
Number of updated asset objects reloaded before import = 0
Number of asset objects unloaded after import = 9
========================================================================
Received Import Request.
  Time since last request: 0,000014 seconds.
  path: Assets/Icons/Hambuger.FBX
  artifactKey: Guid(f9e7ed08898d80148b9f645cd07c8b8e) Importer(815301076,1909f56bfc062723c751e8b465ee728b)
Start importing Assets/Icons/Hambuger.FBX using Guid(f9e7ed08898d80148b9f645cd07c8b8e) Importer(815301076,1909f56bfc062723c751e8b465ee728b)  -> (artifact id: 'b81acc7a2d984c0b7e6f148983d96993') in 0,009498 seconds
Number of updated asset objects reloaded before import = 0
Number of asset objects unloaded after import = 9
========================================================================
Received Import Request.
  Time since last request: 0,000012 seconds.
  path: Assets/Icons/egg.FBX
  artifactKey: Guid(214315961896cb246a09ddccf67044d7) Importer(815301076,1909f56bfc062723c751e8b465ee728b)
Start importing Assets/Icons/egg.FBX using Guid(214315961896cb246a09ddccf67044d7) Importer(815301076,1909f56bfc062723c751e8b465ee728b)  -> (artifact id: 'ec00426a6a022637285ddfa50d2af430') in 0,024377 seconds
Number of updated asset objects reloaded before import = 0
Number of asset objects unloaded after import = 9
========================================================================
Received Import Request.
  Time since last request: 0,000015 seconds.
  path: Assets/Icons/cherry.FBX
  artifactKey: Guid(93b3b0626c40d3445a72c4ceab70561b) Importer(815301076,1909f56bfc062723c751e8b465ee728b)
Start importing Assets/Icons/cherry.FBX using Guid(93b3b0626c40d3445a72c4ceab70561b) Importer(815301076,1909f56bfc062723c751e8b465ee728b)  -> (artifact id: '15517b5165dbd83e661380627664d934') in 0,014308 seconds
Number of updated asset objects reloaded before import = 0
Number of asset objects unloaded after import = 9
========================================================================
Received Import Request.
  Time since last request: 0,000024 seconds.
  path: Assets/Icons/tomato.FBX
  artifactKey: Guid(292237ffd3dc1444c828be3c90e1d862) Importer(815301076,1909f56bfc062723c751e8b465ee728b)
Start importing Assets/Icons/tomato.FBX using Guid(292237ffd3dc1444c828be3c90e1d862) Importer(815301076,1909f56bfc062723c751e8b465ee728b)  -> (artifact id: 'edc0bbaa29d0999348fef912b1c4f038') in 0,013845 seconds
Number of updated asset objects reloaded before import = 0
Number of asset objects unloaded after import = 9
========================================================================
Received Import Request.
  Time since last request: 0,000015 seconds.
  path: Assets/Icons/waffle.FBX
  artifactKey: Guid(5a5788db97aee9d4fa6e7b9c436e11f2) Importer(815301076,1909f56bfc062723c751e8b465ee728b)
Start importing Assets/Icons/waffle.FBX using Guid(5a5788db97aee9d4fa6e7b9c436e11f2) Importer(815301076,1909f56bfc062723c751e8b465ee728b)  -> (artifact id: '6f0a2f2f42efef65b55cf5585fdfe3c6') in 0,012622 seconds
Number of updated asset objects reloaded before import = 0
Number of asset objects unloaded after import = 9
========================================================================
Received Import Request.
  Time since last request: 0,000019 seconds.
  path: Assets/Icons/garlic.FBX
  artifactKey: Guid(643b9bf033a68bd4fb7df391ed53589a) Importer(815301076,1909f56bfc062723c751e8b465ee728b)
Start importing Assets/Icons/garlic.FBX using Guid(643b9bf033a68bd4fb7df391ed53589a) Importer(815301076,1909f56bfc062723c751e8b465ee728b)  -> (artifact id: '2a42a99c4e5b019d6cd13b0df8e558a3') in 0,011750 seconds
Number of updated asset objects reloaded before import = 0
Number of asset objects unloaded after import = 9
========================================================================
Received Import Request.
  Time since last request: 13,423864 seconds.
  path: Assets
  artifactKey: Guid(00000000000000001000000000000000) Importer(815301076,1909f56bfc062723c751e8b465ee728b)
Start importing Assets using Guid(00000000000000001000000000000000) Importer(815301076,1909f56bfc062723c751e8b465ee728b)  -> (artifact id: '8a4fe85251aa2e89732c359432baa2c3') in 0,000319 seconds
Number of updated asset objects reloaded before import = 0
Number of asset objects unloaded after import = 0
========================================================================
Received Import Request.
  Time since last request: 4,764861 seconds.
  path: Assets/Props
  artifactKey: Guid(9555660d3ed438b969eb7f50ef61b655) Importer(815301076,1909f56bfc062723c751e8b465ee728b)
Start importing Assets/Props using Guid(9555660d3ed438b969eb7f50ef61b655) Importer(815301076,1909f56bfc062723c751e8b465ee728b)  -> (artifact id: '2096a126c9ee1ae1049acbf2e9016cbe') in 0,000393 seconds
Number of updated asset objects reloaded before import = 0
Number of asset objects unloaded after import = 0
========================================================================
Received Import Request.
  Time since last request: 7,012415 seconds.
  path: Assets/Materials
  artifactKey: Guid(4b95fe2f389516abf931a235510c0152) Importer(815301076,1909f56bfc062723c751e8b465ee728b)
Start importing Assets/Materials using Guid(4b95fe2f389516abf931a235510c0152) Importer(815301076,1909f56bfc062723c751e8b465ee728b)  -> (artifact id: '32ca522a74c465db48925b5ba7b5a0de') in 0,000394 seconds
Number of updated asset objects reloaded before import = 0
Number of asset objects unloaded after import = 0
========================================================================
Received Import Request.
  Time since last request: 9,305261 seconds.
  path: Assets/Textures
  artifactKey: Guid(bf657a05674f012c4a3f0c20f1236021) Importer(815301076,1909f56bfc062723c751e8b465ee728b)
Start importing Assets/Textures using Guid(bf657a05674f012c4a3f0c20f1236021) Importer(815301076,1909f56bfc062723c751e8b465ee728b)  -> (artifact id: '5cdc63b1f8f73e1015ad226584c4c8f8') in 0,000384 seconds
Number of updated asset objects reloaded before import = 0
Number of asset objects unloaded after import = 0
========================================================================
Received Import Request.
  Time since last request: 2,117170 seconds.
  path: Assets/Icons
  artifactKey: Guid(65a439bb449c142c7b476ad391c84190) Importer(815301076,1909f56bfc062723c751e8b465ee728b)
Start importing Assets/Icons using Guid(65a439bb449c142c7b476ad391c84190) Importer(815301076,1909f56bfc062723c751e8b465ee728b)  -> (artifact id: '56dc60c2e47ae8e60e60512bc59d81a3') in 0,000374 seconds
Number of updated asset objects reloaded before import = 0
Number of asset objects unloaded after import = 0
========================================================================
Received Import Request.
  Time since last request: 1344,074211 seconds.
  path: Assets/DLS_Party_Characters/Demo
  artifactKey: Guid(7a665b0ac67b1401abc178f46400e6e9) Importer(815301076,1909f56bfc062723c751e8b465ee728b)
Start importing Assets/DLS_Party_Characters/Demo using Guid(7a665b0ac67b1401abc178f46400e6e9) Importer(815301076,1909f56bfc062723c751e8b465ee728b)  -> (artifact id: 'c6247cd6ece99e99d7f64015f06dcda5') in 0,000394 seconds
Number of updated asset objects reloaded before import = 0
Number of asset objects unloaded after import = 0
========================================================================
Received Import Request.
  Time since last request: 1,339782 seconds.
  path: Assets/DLS_Party_Characters/Demo/DemoGround.mat
  artifactKey: Guid(78e0bc2a0d87a4ad8b7aca3444facfc1) Importer(815301076,1909f56bfc062723c751e8b465ee728b)
Start importing Assets/DLS_Party_Characters/Demo/DemoGround.mat using Guid(78e0bc2a0d87a4ad8b7aca3444facfc1) Importer(815301076,1909f56bfc062723c751e8b465ee728b)  -> (artifact id: '02c25b076bf01a9df671573f121f238c') in 0,013075 seconds
Number of updated asset objects reloaded before import = 0
Number of asset objects unloaded after import = 1
========================================================================
Received Prepare
Begin MonoManager ReloadAssembly
- Loaded All Assemblies, in  0,297 seconds
Refreshing native plugins compatible for Editor in 1,26 ms, found 0 plugins.
Native extension for LinuxStandalone target not found
Native extension for WebGL target not found
[Package Manager] Server::EnsureServerProcessIsRunning -- launch failed, reason: Unity was launched with the -noUpm command-line argument
[Package Manager] UpmClient::Send -- Unable to send message (not connected to UPM process).
[Package Manager] Cannot connect to Unity Package Manager local server
Mono: successfully reloaded assembly
- Finished resetting the current domain, in  0,531 seconds
Domain Reload Profiling: 829ms
	BeginReloadAssembly (102ms)
		ExecutionOrderSort (0ms)
		DisableScriptedObjects (3ms)
		BackupInstance (0ms)
		ReleaseScriptingObjects (0ms)
		CreateAndSetChildDomain (30ms)
	RebuildCommonClasses (28ms)
	RebuildNativeTypeToScriptingClass (6ms)
	initialDomainReloadingComplete (22ms)
	LoadAllAssembliesAndSetupDomain (138ms)
		LoadAssemblies (167ms)
		RebuildTransferFunctionScriptingTraits (0ms)
		AnalyzeDomain (10ms)
			TypeCache.Refresh (5ms)
				TypeCache.ScanAssembly (0ms)
			ScanForSourceGeneratedMonoScriptInfo (0ms)
			ResolveRequiredComponents (4ms)
	FinalizeReload (532ms)
		ReleaseScriptCaches (0ms)
		RebuildScriptCaches (0ms)
		SetupLoadedEditorAssemblies (290ms)
			LogAssemblyErrors (0ms)
			InitializePlatformSupportModulesInManaged (5ms)
			SetLoadedEditorAssemblies (4ms)
			RefreshPlugins (0ms)
			BeforeProcessingInitializeOnLoad (42ms)
			ProcessInitializeOnLoadAttributes (212ms)
			ProcessInitializeOnLoadMethodAttributes (24ms)
			AfterProcessingInitializeOnLoad (3ms)
			EditorAssembliesLoaded (0ms)
		ExecutionOrderSort2 (0ms)
		AwakeInstancesAfterBackupRestoration (4ms)
Refreshing native plugins compatible for Editor in 0,83 ms, found 0 plugins.
Preloading 0 native plugins for Editor in 0,00 ms.
Unloading 3085 Unused Serialized files (Serialized files now loaded: 0)
Unloading 23 unused Assets / (31,1 KB). Loaded Objects now: 3604.
Memory consumption went from 119,9 MB to 119,8 MB.
Total: 2,665591 ms (FindLiveObjects: 0,246162 ms CreateObjectMapping: 0,112111 ms MarkObjects: 2,269020 ms  DeleteObjects: 0,036073 ms)

Prepare: number of updated asset objects reloaded= 0
AssetImportParameters requested are different than current active one (requested -> active):
  custom:container-demuxer-ogg: 62fdf1f143b41e24485cea50d1cbac27 -> 
  custom:video-decoder-ogg-theora: a1e56fd34408186e4bbccfd4996cb3dc -> 
  custom:CustomObjectIndexerAttribute: 232f87dd983dbecb2a4e21e08eb2cef8 -> 
  custom:container-demuxer-webm: 4f35f7cbe854078d1ac9338744f61a02 -> 
  custom:container-muxer-webm: aa71ff27fc2769a1b78a27578f13a17b -> 
  custom:video-decoder-webm-vp8: 9c59270c3fd7afecdb556c50c9e8de78 -> 
  custom:SearchIndexIgnoredProperties: e643bd26f0fe6173181afceb89e7c659 -> 
  custom:AudioImporter_EditorPlatform: 2f0ff77a95e0ac474e3e8eeba4e2f7cb -> 
  custom:video-encoder-webm-vp8: eb34c28f22e8b96e1ab97ce403110664 -> 
  custom:audio-decoder-ogg-vorbis: bf7c407c2cedff20999df2af8eb42d56 -> 
  custom:audio-encoder-webm-vorbis: bf7c407c2cedff20999df2af8eb42d56 -> 
========================================================================
Received Import Request.
  Time since last request: 33,909944 seconds.
  path: Assets/DLS_Party_Characters/Model
  artifactKey: Guid(a0158f28bf3bf4f4ab196fd872cb5a04) Importer(815301076,1909f56bfc062723c751e8b465ee728b)
Start importing Assets/DLS_Party_Characters/Model using Guid(a0158f28bf3bf4f4ab196fd872cb5a04) Importer(815301076,1909f56bfc062723c751e8b465ee728b)  -> (artifact id: '46e6791feff7817beaee06e9c5cf5ac2') in 0,001962 seconds
Number of updated asset objects reloaded before import = 0
Number of asset objects unloaded after import = 0
========================================================================
Received Import Request.
  Time since last request: 0,123463 seconds.
  path: Assets/DLS_Party_Characters/Model/fruits.mat
  artifactKey: Guid(964d42edb22544b6cac36c3842c9c6d1) Importer(815301076,1909f56bfc062723c751e8b465ee728b)
Start importing Assets/DLS_Party_Characters/Model/fruits.mat using Guid(964d42edb22544b6cac36c3842c9c6d1) Importer(815301076,1909f56bfc062723c751e8b465ee728b)  -> (artifact id: 'b2628e02e35a89be14fa738e38192ff8') in 0,075828 seconds
Number of updated asset objects reloaded before import = 0
Number of asset objects unloaded after import = 2
========================================================================
Received Import Request.
  Time since last request: 0,000016 seconds.
  path: Assets/DLS_Party_Characters/Model/low_poly_banana_being.fbx
  artifactKey: Guid(2fd8367cee1e04a91b5b1f7f98b9c199) Importer(815301076,1909f56bfc062723c751e8b465ee728b)
Start importing Assets/DLS_Party_Characters/Model/low_poly_banana_being.fbx using Guid(2fd8367cee1e04a91b5b1f7f98b9c199) Importer(815301076,1909f56bfc062723c751e8b465ee728b)  -> (artifact id: '6840643e71242f516b75aff6240d3d1e') in 0,073676 seconds
Number of updated asset objects reloaded before import = 0
Number of asset objects unloaded after import = 72
========================================================================
Received Import Request.
  Time since last request: 0,000024 seconds.
  path: Assets/DLS_Party_Characters/Model/low_poly_carrot_being.fbx
  artifactKey: Guid(bed960c53b08046988a1a2451f5a925d) Importer(815301076,1909f56bfc062723c751e8b465ee728b)
Start importing Assets/DLS_Party_Characters/Model/low_poly_carrot_being.fbx using Guid(bed960c53b08046988a1a2451f5a925d) Importer(815301076,1909f56bfc062723c751e8b465ee728b)  -> (artifact id: '4aec10382ad5a35c865ad1bf3c09c007') in 0,029055 seconds
Number of updated asset objects reloaded before import = 0
Number of asset objects unloaded after import = 72
========================================================================
Received Import Request.
  Time since last request: 0,000014 seconds.
  path: Assets/DLS_Party_Characters/Model/low_poly_chilli_being.fbx
  artifactKey: Guid(3cbdf303cd85b4d4bba6294ab98383ac) Importer(815301076,1909f56bfc062723c751e8b465ee728b)
Start importing Assets/DLS_Party_Characters/Model/low_poly_chilli_being.fbx using Guid(3cbdf303cd85b4d4bba6294ab98383ac) Importer(815301076,1909f56bfc062723c751e8b465ee728b)  -> (artifact id: '67bc100077b21c2113c9a258a9b5014a') in 0,011490 seconds
Number of updated asset objects reloaded before import = 0
Number of asset objects unloaded after import = 72
========================================================================
Received Import Request.
  Time since last request: 0,000013 seconds.
  path: Assets/DLS_Party_Characters/Model/low_poly_melon_being.fbx
  artifactKey: Guid(2a3508d8b755f4e15bcb16d85707a990) Importer(815301076,1909f56bfc062723c751e8b465ee728b)
Start importing Assets/DLS_Party_Characters/Model/low_poly_melon_being.fbx using Guid(2a3508d8b755f4e15bcb16d85707a990) Importer(815301076,1909f56bfc062723c751e8b465ee728b)  -> (artifact id: '05d01a3547f1696ae078c10c19bd2bbe') in 0,012237 seconds
Number of updated asset objects reloaded before import = 0
Number of asset objects unloaded after import = 72
========================================================================
Received Import Request.
  Time since last request: 39,039752 seconds.
  path: Assets/Characters
  artifactKey: Guid(0c6689f37741808e192ab87bb07c3cef) Importer(815301076,1909f56bfc062723c751e8b465ee728b)
Start importing Assets/Characters using Guid(0c6689f37741808e192ab87bb07c3cef) Importer(815301076,1909f56bfc062723c751e8b465ee728b)  -> (artifact id: '84386c8e5faf320040d7612b5058498a') in 0,000402 seconds
Number of updated asset objects reloaded before import = 0
Number of asset objects unloaded after import = 0
